{"level":"info","time":"2024-03-20T13:53:07.583+0530","caller":"cmd/lt.go:205","msg":"LambdaTest Tunnel version: 3.1.31"}
{"level":"debug","time":"2024-03-20T13:53:07.586+0530","caller":"core/lifecycle.go:41","msg":"Starting pipeline....."}
{"level":"debug","time":"2024-03-20T13:53:07.586+0530","caller":"core/lifecycle.go:42","msg":"OS: windows, Arch: amd64"}
{"level":"debug","time":"2024-03-20T13:53:07.586+0530","caller":"core/lifecycle.go:43","msg":"Fetching config"}
{"level":"debug","time":"2024-03-20T13:53:07.586+0530","caller":"core/lifecycle.go:65","msg":"Starting tunnel With flags: --user shubhamr --key ***** --controller npm --infoAPIPort 51720 --tunnelName LT-LP-11051720 --logFile LT-LP-11051720.log --port 51721"}
{"level":"debug","time":"2024-03-20T13:53:08.083+0530","caller":"core/lifecycle.go:83","msg":"Remote config fetched"}
{"level":"debug","time":"2024-03-20T13:53:08.175+0530","caller":"apiserver/setup.go:166","msg":"Starting API server"}
{"level":"debug","time":"2024-03-20T13:53:08.175+0530","caller":"networkscanner/setup.go:103","msg":"Trying on port 443"}
{"level":"debug","time":"2024-03-20T13:53:08.175+0530","caller":"networkscanner/setup.go:69","msg":"Trying on port 22"}
{"level":"debug","time":"2024-03-20T13:53:08.175+0530","caller":"custom/setup.go:860","msg":"Starting sink proxy"}
{"level":"debug","time":"2024-03-20T13:53:08.175+0530","caller":"networkscanner/setup.go:191","msg":"Trying on port 443"}
{"level":"debug","time":"2024-03-20T13:53:08.175+0530","caller":"apiserver/setup.go:148","msg":"Starting API server for tunnel info on port: 51720"}
{"level":"debug","time":"2024-03-20T13:53:08.175+0530","caller":"networkscanner/setup.go:137","msg":"Trying over ssh over ws"}
{"level":"info","time":"2024-03-20T13:53:08.175+0530","caller":"custom/setup.go:803","msg":"Tunnel binary started on port :51721"}
{"level":"debug","time":"2024-03-20T13:53:08.179+0530","caller":"networkscanner/setup.go:207","msg":"TCP connection was successful"}
{"level":"debug","time":"2024-03-20T13:53:08.256+0530","caller":"networkscanner/setup.go:154","msg":"WSS connection was successful"}
{"level":"debug","time":"2024-03-20T13:53:09.110+0530","caller":"networkscanner/setup.go:124","msg":"SSH connection over port 443 successful"}
{"level":"debug","time":"2024-03-20T13:53:09.129+0530","caller":"networkscanner/setup.go:179","msg":"SSH connection over ws successful"}
{"level":"debug","time":"2024-03-20T13:53:09.129+0530","caller":"networkscanner/setup.go:90","msg":"SSH connection over port 22 successful"}
{"level":"info","time":"2024-03-20T13:53:09.129+0530","caller":"core/lifecycle.go:120","msg":"Using ssh(over_22) :: connection mode"}
{"level":"info","time":"2024-03-20T13:53:09.130+0530","caller":"core/lifecycle.go:255","msg":"Launching tunnel"}
{"level":"debug","time":"2024-03-20T13:53:09.130+0530","caller":"ws/control.go:34","msg":"Starting control ws connection at wss://ts.lambdatest.com/monitor"}
{"level":"debug","time":"2024-03-20T13:53:09.436+0530","caller":"ws/control.go:72","msg":"Control ws channel opened"}
{"level":"debug","time":"2024-03-20T13:53:09.437+0530","caller":"ws/control.go:131","msg":"Starting message listener on control connection"}
{"level":"debug","time":"2024-03-20T13:53:11.122+0530","caller":"tunnelmanager/controller.go:149","msg":"otel disabled"}
{"level":"debug","time":"2024-03-20T13:53:11.122+0530","caller":"core/lifecycle.go:337","msg":"Sending tunnel registered message to channels"}
{"level":"debug","time":"2024-03-20T13:53:11.122+0530","caller":"ws/control.go:196","msg":"Tunnel registered message received on control channel"}
{"level":"debug","time":"2024-03-20T13:53:11.122+0530","caller":"ws/control.go:200","msg":"controller bus registered"}
{"level":"debug","time":"2024-03-20T13:53:11.122+0530","caller":"ssh/setup.go:71","msg":"Using 5 ssh connection"}
{"level":"debug","time":"2024-03-20T13:53:11.908+0530","caller":"cmd/lt.go:269","msg":"main: received interrupt signal - attempting graceful shutdown ...."}
{"level":"debug","time":"2024-03-20T13:53:11.908+0530","caller":"cmd/lt.go:271","msg":"main: telling goroutines to stop"}
{"level":"debug","time":"2024-03-20T13:53:11.909+0530","caller":"apiserver/setup.go:144","msg":"Shutting down the server"}
{"level":"debug","time":"2024-03-20T13:53:11.909+0530","caller":"custom/setup.go:848","msg":"Exiting the sink proxy","tunnelID":"631020"}
{"level":"debug","time":"2024-03-20T13:53:11.909+0530","caller":"core/lifecycle.go:395","msg":"Context cancelled"}
{"level":"info","time":"2024-03-20T13:53:11.909+0530","caller":"core/lifecycle.go:397","msg":"Stopping tunnel"}
{"level":"debug","time":"2024-03-20T13:53:11.910+0530","caller":"ws/control.go:140","msg":"Unusual close error on control channel..."}
{"level":"debug","time":"2024-03-20T13:53:11.910+0530","caller":"ws/control.go:193","msg":"Write loop ended for control channel"}
