{"level":"info","time":"2024-03-15T15:47:42.775+0530","caller":"cmd/lt.go:205","msg":"LambdaTest Tunnel version: 3.1.31"}
{"level":"debug","time":"2024-03-15T15:47:42.775+0530","caller":"core/lifecycle.go:41","msg":"Starting pipeline....."}
{"level":"debug","time":"2024-03-15T15:47:42.775+0530","caller":"core/lifecycle.go:42","msg":"OS: windows, Arch: amd64"}
{"level":"debug","time":"2024-03-15T15:47:42.775+0530","caller":"core/lifecycle.go:43","msg":"Fetching config"}
{"level":"debug","time":"2024-03-15T15:47:42.775+0530","caller":"core/lifecycle.go:65","msg":"Starting tunnel With flags: --user shubhamr --key ***** --controller npm --infoAPIPort 54672 --tunnelName LT-LP-11054672 --logFile LT-LP-11054672.log --port 54673"}
{"level":"debug","time":"2024-03-15T15:47:43.270+0530","caller":"core/lifecycle.go:83","msg":"Remote config fetched"}
{"level":"debug","time":"2024-03-15T15:47:43.322+0530","caller":"apiserver/setup.go:166","msg":"Starting API server"}
{"level":"debug","time":"2024-03-15T15:47:43.322+0530","caller":"networkscanner/setup.go:69","msg":"Trying on port 22"}
{"level":"debug","time":"2024-03-15T15:47:43.322+0530","caller":"networkscanner/setup.go:103","msg":"Trying on port 443"}
{"level":"debug","time":"2024-03-15T15:47:43.322+0530","caller":"custom/setup.go:860","msg":"Starting sink proxy"}
{"level":"debug","time":"2024-03-15T15:47:43.322+0530","caller":"networkscanner/setup.go:191","msg":"Trying on port 443"}
{"level":"debug","time":"2024-03-15T15:47:43.322+0530","caller":"apiserver/setup.go:148","msg":"Starting API server for tunnel info on port: 54672"}
{"level":"debug","time":"2024-03-15T15:47:43.322+0530","caller":"networkscanner/setup.go:137","msg":"Trying over ssh over ws"}
{"level":"info","time":"2024-03-15T15:47:43.322+0530","caller":"custom/setup.go:803","msg":"Tunnel binary started on port :54673"}
{"level":"debug","time":"2024-03-15T15:47:43.327+0530","caller":"networkscanner/setup.go:207","msg":"TCP connection was successful"}
{"level":"debug","time":"2024-03-15T15:47:43.404+0530","caller":"networkscanner/setup.go:154","msg":"WSS connection was successful"}
{"level":"debug","time":"2024-03-15T15:47:44.258+0530","caller":"networkscanner/setup.go:179","msg":"SSH connection over ws successful"}
{"level":"debug","time":"2024-03-15T15:47:44.290+0530","caller":"networkscanner/setup.go:124","msg":"SSH connection over port 443 successful"}
{"level":"debug","time":"2024-03-15T15:47:44.303+0530","caller":"networkscanner/setup.go:90","msg":"SSH connection over port 22 successful"}
{"level":"info","time":"2024-03-15T15:47:44.303+0530","caller":"core/lifecycle.go:120","msg":"Using ssh(over_22) :: connection mode"}
{"level":"info","time":"2024-03-15T15:47:44.303+0530","caller":"core/lifecycle.go:255","msg":"Launching tunnel"}
{"level":"debug","time":"2024-03-15T15:47:44.303+0530","caller":"ws/control.go:34","msg":"Starting control ws connection at wss://ts.lambdatest.com/monitor"}
{"level":"debug","time":"2024-03-15T15:47:44.593+0530","caller":"ws/control.go:72","msg":"Control ws channel opened"}
{"level":"debug","time":"2024-03-15T15:47:44.593+0530","caller":"ws/control.go:131","msg":"Starting message listener on control connection"}
{"level":"debug","time":"2024-03-15T15:47:46.236+0530","caller":"tunnelmanager/controller.go:149","msg":"otel disabled"}
{"level":"debug","time":"2024-03-15T15:47:46.236+0530","caller":"ws/control.go:196","msg":"Tunnel registered message received on control channel"}
{"level":"debug","time":"2024-03-15T15:47:46.236+0530","caller":"ws/control.go:200","msg":"controller bus registered"}
{"level":"debug","time":"2024-03-15T15:47:46.236+0530","caller":"core/lifecycle.go:337","msg":"Sending tunnel registered message to channels"}
{"level":"debug","time":"2024-03-15T15:47:46.236+0530","caller":"ssh/setup.go:71","msg":"Using 5 ssh connection"}
{"level":"debug","time":"2024-03-15T15:47:47.215+0530","caller":"ssh/ssh.go:216","msg":"Successfully started sshd listener on port: 15273"}
{"level":"debug","time":"2024-03-15T15:47:47.215+0530","caller":"ssh/ssh.go:216","msg":"Successfully started sshd listener on port: 2889"}
{"level":"info","time":"2024-03-15T15:47:47.216+0530","caller":"core/lifecycle.go:351","msg":"You can start testing now"}
{"level":"info","time":"2024-03-15T15:47:47.216+0530","caller":"core/lifecycle.go:352","msg":"Tunnel ID: 586382"}
{"level":"debug","time":"2024-03-15T15:47:47.216+0530","caller":"core/lifecycle.go:353","msg":"Remote Listener Started on Port 21104"}
{"level":"debug","time":"2024-03-15T15:47:47.243+0530","caller":"ssh/ssh.go:216","msg":"Successfully started sshd listener on port: 28022"}
{"level":"debug","time":"2024-03-15T15:47:47.360+0530","caller":"ssh/ssh.go:216","msg":"Successfully started sshd listener on port: 22432"}
{"level":"debug","time":"2024-03-15T15:47:47.410+0530","caller":"ssh/ssh.go:216","msg":"Successfully started sshd listener on port: 7061"}
{"level":"debug","time":"2024-03-15T15:48:31.382+0530","caller":"custom/setup.go:548","msg":"handling connect request for URL https://accounts.google.com:443","tunnelID":"586382","requestID":1}
{"level":"debug","time":"2024-03-15T15:48:31.403+0530","caller":"custom/setup.go:548","msg":"handling connect request for URL https://www.gstatic.com:443","tunnelID":"586382","requestID":2}
{"level":"debug","time":"2024-03-15T15:48:31.406+0530","caller":"custom/setup.go:386","msg":"handle http request for http://a.espncdn.com/wireless/mw5/r1/images/bookmark-icons/espn_icon-152x152.min.png","tunnelID":"586382","requestID":3}
{"level":"debug","time":"2024-03-15T15:48:31.450+0530","caller":"custom/setup.go:548","msg":"handling connect request for URL https://en.m.wikipedia.org:443","tunnelID":"586382","requestID":5}
{"level":"debug","time":"2024-03-15T15:48:31.450+0530","caller":"custom/setup.go:548","msg":"handling connect request for URL https://static.xx.fbcdn.net:443","tunnelID":"586382","requestID":4}
{"level":"debug","time":"2024-03-15T15:48:31.453+0530","caller":"custom/setup.go:548","msg":"handling connect request for URL https://www.instagram.com:443","tunnelID":"586382","requestID":6}
{"level":"debug","time":"2024-03-15T15:48:31.453+0530","caller":"custom/setup.go:548","msg":"handling connect request for URL https://images-na.ssl-images-amazon.com:443","tunnelID":"586382","requestID":7}
{"level":"debug","time":"2024-03-15T15:48:31.460+0530","caller":"custom/setup.go:548","msg":"handling connect request for URL https://s.yimg.com:443","tunnelID":"586382","requestID":8}
{"level":"debug","time":"2024-03-15T15:48:31.475+0530","caller":"custom/setup.go:548","msg":"handling connect request for URL https://m.youtube.com:443","tunnelID":"586382","requestID":10}
{"level":"debug","time":"2024-03-15T15:48:31.475+0530","caller":"custom/setup.go:548","msg":"handling connect request for URL https://www.google.com:443","tunnelID":"586382","requestID":9}
{"level":"debug","time":"2024-03-15T15:48:31.484+0530","caller":"custom/setup.go:548","msg":"handling connect request for URL https://ir.ebaystatic.com:443","tunnelID":"586382","requestID":11}
{"level":"debug","time":"2024-03-15T15:48:31.533+0530","caller":"custom/setup.go:514","msg":"Response &{Status:200 OK StatusCode:200 Proto:HTTP/1.1 ProtoMajor:1 ProtoMinor:1 Header:map[Accept-Ranges:[bytes] Access-Control-Allow-Origin:[*] Cache-Control:[max-age=4185] Connection:[keep-alive] Content-Length:[2790] Content-Type:[image/png] Date:[Fri, 15 Mar 2024 10:18:31 GMT] Etag:[\"9ac9e9363b76587769dda7c61107e9a9\"] Last-Modified:[Sat, 02 Jun 2018 13:44:29 GMT] Server:[AmazonS3] Unused62:[8096267] X-Datastream-Cache-Status:[1]] Body:0xc0003b41c0 ContentLength:2790 TransferEncoding:[] Close:false Uncompressed:false Trailer:map[] Request:0xc000624100 TLS:<nil>} for http request from domain http://a.espncdn.com/wireless/mw5/r1/images/bookmark-icons/espn_icon-152x152.min.png","tunnelID":"586382","requestID":3}
{"level":"debug","time":"2024-03-15T15:48:32.101+0530","caller":"custom/setup.go:548","msg":"handling connect request for URL https://clientservices.googleapis.com:443","tunnelID":"586382","requestID":12}
{"level":"debug","time":"2024-03-15T15:48:35.669+0530","caller":"custom/setup.go:548","msg":"handling connect request for URL https://www.lambdatest.com:443","tunnelID":"586382","requestID":13}
{"level":"debug","time":"2024-03-15T15:48:37.643+0530","caller":"custom/setup.go:548","msg":"handling connect request for URL https://www.lambdatest.com:443","tunnelID":"586382","requestID":14}
{"level":"debug","time":"2024-03-15T15:48:37.650+0530","caller":"custom/setup.go:548","msg":"handling connect request for URL https://www.lambdatest.com:443","tunnelID":"586382","requestID":16}
{"level":"debug","time":"2024-03-15T15:48:37.650+0530","caller":"custom/setup.go:548","msg":"handling connect request for URL https://www.lambdatest.com:443","tunnelID":"586382","requestID":15}
{"level":"debug","time":"2024-03-15T15:48:37.651+0530","caller":"custom/setup.go:548","msg":"handling connect request for URL https://www.lambdatest.com:443","tunnelID":"586382","requestID":17}
{"level":"debug","time":"2024-03-15T15:48:37.651+0530","caller":"custom/setup.go:548","msg":"handling connect request for URL https://www.lambdatest.com:443","tunnelID":"586382","requestID":18}
{"level":"debug","time":"2024-03-15T15:48:37.782+0530","caller":"custom/setup.go:548","msg":"handling connect request for URL https://fonts.googleapis.com:443","tunnelID":"586382","requestID":19}
{"level":"debug","time":"2024-03-15T15:48:37.845+0530","caller":"custom/setup.go:548","msg":"handling connect request for URL https://www.lambdatest.com:443","tunnelID":"586382","requestID":20}
{"level":"debug","time":"2024-03-15T15:48:38.077+0530","caller":"custom/setup.go:548","msg":"handling connect request for URL https://www.lambdatest.com:443","tunnelID":"586382","requestID":21}
{"level":"debug","time":"2024-03-15T15:48:38.301+0530","caller":"custom/setup.go:548","msg":"handling connect request for URL https://www.lambdatest.com:443","tunnelID":"586382","requestID":22}
{"level":"debug","time":"2024-03-15T15:48:38.431+0530","caller":"custom/setup.go:548","msg":"handling connect request for URL https://www.lambdatest.com:443","tunnelID":"586382","requestID":23}
{"level":"debug","time":"2024-03-15T15:48:38.706+0530","caller":"custom/setup.go:548","msg":"handling connect request for URL https://ajax.cloudflare.com:443","tunnelID":"586382","requestID":24}
{"level":"debug","time":"2024-03-15T15:48:38.762+0530","caller":"custom/setup.go:548","msg":"handling connect request for URL https://www.lambdatest.com:443","tunnelID":"586382","requestID":25}
{"level":"debug","time":"2024-03-15T15:48:38.764+0530","caller":"custom/setup.go:548","msg":"handling connect request for URL https://secure.gravatar.com:443","tunnelID":"586382","requestID":26}
{"level":"debug","time":"2024-03-15T15:48:38.769+0530","caller":"custom/setup.go:548","msg":"handling connect request for URL https://www.lambdatest.com:443","tunnelID":"586382","requestID":27}
{"level":"debug","time":"2024-03-15T15:48:38.771+0530","caller":"custom/setup.go:548","msg":"handling connect request for URL https://secure.gravatar.com:443","tunnelID":"586382","requestID":28}
{"level":"debug","time":"2024-03-15T15:48:39.074+0530","caller":"custom/setup.go:548","msg":"handling connect request for URL https://secure.gravatar.com:443","tunnelID":"586382","requestID":29}
{"level":"debug","time":"2024-03-15T15:48:39.237+0530","caller":"custom/setup.go:548","msg":"handling connect request for URL https://secure.gravatar.com:443","tunnelID":"586382","requestID":30}
{"level":"debug","time":"2024-03-15T15:48:39.448+0530","caller":"custom/setup.go:548","msg":"handling connect request for URL https://secure.gravatar.com:443","tunnelID":"586382","requestID":31}
{"level":"debug","time":"2024-03-15T15:48:39.451+0530","caller":"custom/setup.go:548","msg":"handling connect request for URL https://secure.gravatar.com:443","tunnelID":"586382","requestID":32}
{"level":"debug","time":"2024-03-15T15:48:39.512+0530","caller":"custom/setup.go:548","msg":"handling connect request for URL https://secure.gravatar.com:443","tunnelID":"586382","requestID":33}
{"level":"debug","time":"2024-03-15T15:48:39.549+0530","caller":"custom/setup.go:548","msg":"handling connect request for URL https://www.lambdatest.com:443","tunnelID":"586382","requestID":34}
{"level":"debug","time":"2024-03-15T15:48:39.549+0530","caller":"custom/setup.go:548","msg":"handling connect request for URL https://www.lambdatest.com:443","tunnelID":"586382","requestID":36}
{"level":"debug","time":"2024-03-15T15:48:39.549+0530","caller":"custom/setup.go:548","msg":"handling connect request for URL https://www.lambdatest.com:443","tunnelID":"586382","requestID":35}
{"level":"debug","time":"2024-03-15T15:48:39.597+0530","caller":"custom/setup.go:548","msg":"handling connect request for URL https://www.googletagmanager.com:443","tunnelID":"586382","requestID":37}
{"level":"debug","time":"2024-03-15T15:48:39.605+0530","caller":"custom/setup.go:548","msg":"handling connect request for URL https://script.crazyegg.com:443","tunnelID":"586382","requestID":38}
{"level":"debug","time":"2024-03-15T15:48:39.648+0530","caller":"custom/setup.go:548","msg":"handling connect request for URL https://www.lambdatest.com:443","tunnelID":"586382","requestID":39}
{"level":"debug","time":"2024-03-15T15:48:39.931+0530","caller":"custom/setup.go:548","msg":"handling connect request for URL https://www.lambdatest.com:443","tunnelID":"586382","requestID":40}
{"level":"debug","time":"2024-03-15T15:48:40.939+0530","caller":"custom/setup.go:548","msg":"handling connect request for URL https://static.addtoany.com:443","tunnelID":"586382","requestID":41}
{"level":"debug","time":"2024-03-15T15:48:40.945+0530","caller":"custom/setup.go:548","msg":"handling connect request for URL https://static.cloudflareinsights.com:443","tunnelID":"586382","requestID":42}
{"level":"debug","time":"2024-03-15T15:48:41.264+0530","caller":"custom/setup.go:548","msg":"handling connect request for URL https://fonts.gstatic.com:443","tunnelID":"586382","requestID":43}
{"level":"debug","time":"2024-03-15T15:48:41.447+0530","caller":"custom/setup.go:548","msg":"handling connect request for URL https://optimizationguide-pa.googleapis.com:443","tunnelID":"586382","requestID":44}
{"level":"debug","time":"2024-03-15T15:48:41.677+0530","caller":"custom/setup.go:548","msg":"handling connect request for URL https://static.addtoany.com:443","tunnelID":"586382","requestID":45}
{"level":"debug","time":"2024-03-15T15:48:41.728+0530","caller":"custom/setup.go:548","msg":"handling connect request for URL https://content-autofill.googleapis.com:443","tunnelID":"586382","requestID":46}
{"level":"debug","time":"2024-03-15T15:48:42.295+0530","caller":"custom/setup.go:548","msg":"handling connect request for URL https://optimizationguide-pa.googleapis.com:443","tunnelID":"586382","requestID":47}
{"level":"debug","time":"2024-03-15T15:48:42.790+0530","caller":"custom/setup.go:548","msg":"handling connect request for URL https://app.revenuehero.io:443","tunnelID":"586382","requestID":48}
{"level":"debug","time":"2024-03-15T15:48:42.902+0530","caller":"custom/setup.go:548","msg":"handling connect request for URL https://www.lambdatest.com:443","tunnelID":"586382","requestID":49}
{"level":"debug","time":"2024-03-15T15:48:42.916+0530","caller":"custom/setup.go:548","msg":"handling connect request for URL https://www.lambdatest.com:443","tunnelID":"586382","requestID":50}
{"level":"debug","time":"2024-03-15T15:48:42.916+0530","caller":"custom/setup.go:548","msg":"handling connect request for URL https://www.lambdatest.com:443","tunnelID":"586382","requestID":51}
{"level":"debug","time":"2024-03-15T15:48:43.327+0530","caller":"custom/setup.go:548","msg":"handling connect request for URL https://googleads.g.doubleclick.net:443","tunnelID":"586382","requestID":52}
{"level":"debug","time":"2024-03-15T15:48:43.327+0530","caller":"custom/setup.go:548","msg":"handling connect request for URL https://www.lambdatest.com:443","tunnelID":"586382","requestID":53}
{"level":"debug","time":"2024-03-15T15:48:43.402+0530","caller":"custom/setup.go:548","msg":"handling connect request for URL https://www.lambdatest.com:443","tunnelID":"586382","requestID":54}
{"level":"debug","time":"2024-03-15T15:48:43.552+0530","caller":"custom/setup.go:548","msg":"handling connect request for URL https://www.lambdatest.com:443","tunnelID":"586382","requestID":55}
{"level":"debug","time":"2024-03-15T15:48:43.750+0530","caller":"custom/setup.go:548","msg":"handling connect request for URL https://www.lambdatest.com:443","tunnelID":"586382","requestID":56}
{"level":"debug","time":"2024-03-15T15:48:44.060+0530","caller":"custom/setup.go:548","msg":"handling connect request for URL https://consent.cookiebot.com:443","tunnelID":"586382","requestID":57}
{"level":"debug","time":"2024-03-15T15:48:44.197+0530","caller":"custom/setup.go:548","msg":"handling connect request for URL https://www.googletagmanager.com:443","tunnelID":"586382","requestID":58}
{"level":"debug","time":"2024-03-15T15:48:44.255+0530","caller":"custom/setup.go:548","msg":"handling connect request for URL https://snap.licdn.com:443","tunnelID":"586382","requestID":59}
{"level":"debug","time":"2024-03-15T15:48:44.269+0530","caller":"custom/setup.go:548","msg":"handling connect request for URL https://cdn.firstpromoter.com:443","tunnelID":"586382","requestID":60}
{"level":"debug","time":"2024-03-15T15:48:44.270+0530","caller":"custom/setup.go:548","msg":"handling connect request for URL https://bat.bing.com:443","tunnelID":"586382","requestID":61}
{"level":"debug","time":"2024-03-15T15:48:44.541+0530","caller":"custom/setup.go:548","msg":"handling connect request for URL https://www.google-analytics.com:443","tunnelID":"586382","requestID":62}
{"level":"debug","time":"2024-03-15T15:48:44.948+0530","caller":"custom/setup.go:548","msg":"handling connect request for URL https://rum.sumologic.com:443","tunnelID":"586382","requestID":63}
{"level":"debug","time":"2024-03-15T15:48:45.003+0530","caller":"custom/setup.go:548","msg":"handling connect request for URL https://optimizationguide-pa.googleapis.com:443","tunnelID":"586382","requestID":64}
{"level":"debug","time":"2024-03-15T15:48:45.005+0530","caller":"custom/setup.go:548","msg":"handling connect request for URL https://optimizationguide-pa.googleapis.com:443","tunnelID":"586382","requestID":65}
{"level":"debug","time":"2024-03-15T15:48:45.012+0530","caller":"custom/setup.go:548","msg":"handling connect request for URL https://consentcdn.cookiebot.com:443","tunnelID":"586382","requestID":66}
{"level":"debug","time":"2024-03-15T15:48:45.038+0530","caller":"custom/setup.go:548","msg":"handling connect request for URL https://cdn.amplitude.com:443","tunnelID":"586382","requestID":67}
{"level":"debug","time":"2024-03-15T15:48:45.107+0530","caller":"custom/setup.go:548","msg":"handling connect request for URL https://www.dwin1.com:443","tunnelID":"586382","requestID":68}
{"level":"debug","time":"2024-03-15T15:48:45.237+0530","caller":"custom/setup.go:548","msg":"handling connect request for URL https://www.google.co.in:443","tunnelID":"586382","requestID":69}
{"level":"debug","time":"2024-03-15T15:48:45.411+0530","caller":"custom/setup.go:548","msg":"handling connect request for URL https://px.ads.linkedin.com:443","tunnelID":"586382","requestID":70}
{"level":"debug","time":"2024-03-15T15:48:45.691+0530","caller":"core/lifecycle.go:395","msg":"Context cancelled"}
{"level":"debug","time":"2024-03-15T15:48:45.691+0530","caller":"apiserver/setup.go:144","msg":"Shutting down the server"}
{"level":"debug","time":"2024-03-15T15:48:45.691+0530","caller":"custom/setup.go:848","msg":"Exiting the sink proxy","tunnelID":"586382"}
{"level":"info","time":"2024-03-15T15:48:45.691+0530","caller":"core/lifecycle.go:397","msg":"Stopping tunnel"}
{"level":"debug","time":"2024-03-15T15:48:45.692+0530","caller":"ws/control.go:140","msg":"Unusual close error on control channel..."}
{"level":"debug","time":"2024-03-15T15:48:45.692+0530","caller":"ws/control.go:193","msg":"Write loop ended for control channel"}
